<?xml version="1.0" encoding="UTF-8"?>
<coverage generated="1612519848974" clover="3.2.0">
  <project timestamp="1612519848974" name="All files">
    <metrics statements="11" coveredstatements="5" conditionals="0" coveredconditionals="0" methods="2" coveredmethods="1" elements="13" coveredelements="6" complexity="0" loc="11" ncloc="11" packages="1" files="1" classes="1"/>
    <file name="soundComponent.js" path="/Users/karlanastrego/Documents/development-projects/soundsfromtheweb/src/components/soundComponent.js">
      <metrics statements="11" coveredstatements="5" conditionals="0" coveredconditionals="0" methods="2" coveredmethods="1"/>
      <line num="5" count="1" type="stmt"/>
      <line num="15" count="1" type="stmt"/>
      <line num="16" count="1" type="stmt"/>
      <line num="26" count="1" type="stmt"/>
      <line num="27" count="0" type="stmt"/>
      <line num="28" count="0" type="stmt"/>
      <line num="29" count="0" type="stmt"/>
      <line num="30" count="0" type="stmt"/>
      <line num="31" count="0" type="stmt"/>
      <line num="33" count="0" type="stmt"/>
      <line num="37" count="1" type="stmt"/>
    </file>
  </project>
</coverage>
