{"/Users/karlanastrego/Documents/development-projects/soundsfromtheweb/src/components/firebase.js": {"path":"/Users/karlanastrego/Documents/development-projects/soundsfromtheweb/src/components/firebase.js","statementMap":{"0":{"start":{"line":8,"column":6},"end":{"line":8,"column":34}},"1":{"start":{"line":11,"column":6},"end":{"line":11,"column":29}},"2":{"start":{"line":15,"column":8},"end":{"line":15,"column":54}},"3":{"start":{"line":21,"column":6},"end":{"line":37,"column":7}},"4":{"start":{"line":22,"column":8},"end":{"line":36,"column":11}},"5":{"start":{"line":39,"column":6},"end":{"line":39,"column":26}}},"fnMap":{"0":{"name":"(anonymous_0)","decl":{"start":{"line":7,"column":4},"end":{"line":7,"column":5}},"loc":{"start":{"line":7,"column":19},"end":{"line":9,"column":5}},"line":7},"1":{"name":"(anonymous_1)","decl":{"start":{"line":10,"column":4},"end":{"line":10,"column":5}},"loc":{"start":{"line":10,"column":15},"end":{"line":12,"column":5}},"line":10},"2":{"name":"(anonymous_2)","decl":{"start":{"line":14,"column":6},"end":{"line":14,"column":7}},"loc":{"start":{"line":14,"column":19},"end":{"line":16,"column":7}},"line":14},"3":{"name":"(anonymous_3)","decl":{"start":{"line":20,"column":9},"end":{"line":20,"column":10}},"loc":{"start":{"line":20,"column":33},"end":{"line":40,"column":5}},"line":20}},"branchMap":{"0":{"loc":{"start":{"line":21,"column":6},"end":{"line":37,"column":7}},"type":"if","locations":[{"start":{"line":21,"column":6},"end":{"line":37,"column":7}},{"start":{"line":21,"column":6},"end":{"line":37,"column":7}}],"line":21}},"s":{"0":1,"1":0,"2":0,"3":1,"4":1,"5":1},"f":{"0":1,"1":0,"2":0,"3":1},"b":{"0":[1,0]},"_coverageSchema":"1a1c01bbd47fc00a2c39e90264f33305004495a9","hash":"0b2766c12a36be9e1cae5a3e8c299db946ca3fd7"}
,"/Users/karlanastrego/Documents/development-projects/soundsfromtheweb/src/components/soundComponent.js": {"path":"/Users/karlanastrego/Documents/development-projects/soundsfromtheweb/src/components/soundComponent.js","statementMap":{"0":{"start":{"line":5,"column":28},"end":{"line":13,"column":1}},"1":{"start":{"line":15,"column":23},"end":{"line":64,"column":1}},"2":{"start":{"line":16,"column":26},"end":{"line":16,"column":40}},"3":{"start":{"line":18,"column":2},"end":{"line":27,"column":9}},"4":{"start":{"line":19,"column":4},"end":{"line":26,"column":9}},"5":{"start":{"line":23,"column":8},"end":{"line":25,"column":11}},"6":{"start":{"line":24,"column":10},"end":{"line":24,"column":30}},"7":{"start":{"line":29,"column":24},"end":{"line":38,"column":3}},"8":{"start":{"line":30,"column":4},"end":{"line":37,"column":5}},"9":{"start":{"line":31,"column":23},"end":{"line":31,"column":44}},"10":{"start":{"line":32,"column":19},"end":{"line":32,"column":40}},"11":{"start":{"line":33,"column":23},"end":{"line":33,"column":42}},"12":{"start":{"line":34,"column":6},"end":{"line":34,"column":35}},"13":{"start":{"line":36,"column":6},"end":{"line":36,"column":21}},"14":{"start":{"line":40,"column":2},"end":{"line":63,"column":4}}},"fnMap":{"0":{"name":"(anonymous_0)","decl":{"start":{"line":15,"column":23},"end":{"line":15,"column":24}},"loc":{"start":{"line":15,"column":29},"end":{"line":64,"column":1}},"line":15},"1":{"name":"(anonymous_1)","decl":{"start":{"line":18,"column":12},"end":{"line":18,"column":13}},"loc":{"start":{"line":18,"column":18},"end":{"line":27,"column":3}},"line":18},"2":{"name":"(anonymous_2)","decl":{"start":{"line":22,"column":12},"end":{"line":22,"column":13}},"loc":{"start":{"line":22,"column":26},"end":{"line":26,"column":7}},"line":22},"3":{"name":"(anonymous_3)","decl":{"start":{"line":23,"column":25},"end":{"line":23,"column":26}},"loc":{"start":{"line":23,"column":34},"end":{"line":25,"column":9}},"line":23},"4":{"name":"(anonymous_4)","decl":{"start":{"line":29,"column":24},"end":{"line":29,"column":25}},"loc":{"start":{"line":29,"column":36},"end":{"line":38,"column":3}},"line":29}},"branchMap":{"0":{"loc":{"start":{"line":42,"column":7},"end":{"line":61,"column":7}},"type":"binary-expr","locations":[{"start":{"line":42,"column":7},"end":{"line":42,"column":11}},{"start":{"line":43,"column":8},"end":{"line":60,"column":14}}],"line":42}},"s":{"0":1,"1":1,"2":1,"3":1,"4":1,"5":0,"6":0,"7":1,"8":0,"9":0,"10":0,"11":0,"12":0,"13":0,"14":1},"f":{"0":1,"1":1,"2":0,"3":0,"4":0},"b":{"0":[1,0]},"_coverageSchema":"1a1c01bbd47fc00a2c39e90264f33305004495a9","hash":"842712fcea9dbe614ef8982951fcbdfc518eafcf"}
}
