{"/Users/karlanastrego/Documents/development-projects/soundsfromtheweb/src/components/soundComponent.js": {"path":"/Users/karlanastrego/Documents/development-projects/soundsfromtheweb/src/components/soundComponent.js","statementMap":{"0":{"start":{"line":5,"column":28},"end":{"line":13,"column":1}},"1":{"start":{"line":15,"column":23},"end":{"line":57,"column":1}},"2":{"start":{"line":16,"column":15},"end":{"line":24,"column":4}},"3":{"start":{"line":26,"column":24},"end":{"line":35,"column":3}},"4":{"start":{"line":27,"column":4},"end":{"line":34,"column":5}},"5":{"start":{"line":28,"column":23},"end":{"line":28,"column":50}},"6":{"start":{"line":29,"column":19},"end":{"line":29,"column":40}},"7":{"start":{"line":30,"column":23},"end":{"line":30,"column":48}},"8":{"start":{"line":31,"column":6},"end":{"line":31,"column":35}},"9":{"start":{"line":33,"column":6},"end":{"line":33,"column":21}},"10":{"start":{"line":37,"column":2},"end":{"line":56,"column":4}}},"fnMap":{"0":{"name":"(anonymous_0)","decl":{"start":{"line":15,"column":23},"end":{"line":15,"column":24}},"loc":{"start":{"line":15,"column":29},"end":{"line":57,"column":1}},"line":15},"1":{"name":"(anonymous_1)","decl":{"start":{"line":26,"column":24},"end":{"line":26,"column":25}},"loc":{"start":{"line":26,"column":36},"end":{"line":35,"column":3}},"line":26}},"branchMap":{},"s":{"0":1,"1":1,"2":2,"3":2,"4":1,"5":1,"6":0,"7":0,"8":0,"9":1,"10":2},"f":{"0":2,"1":1},"b":{},"_coverageSchema":"1a1c01bbd47fc00a2c39e90264f33305004495a9","hash":"7b9fc93eb64634fa06b982970b7cd7ee9cbab263"}
}
